<?xml version="1.0" encoding="UTF-8"?>
<testsuite name="Fibonacci2Test" tests="1" skipped="0" failures="0" errors="0" timestamp="2021-11-17T14:53:21" hostname="DESKTOP-5NPG1UR" time="0.016">
  <properties/>
  <testcase name="fibListOfGreaterThanTwo()" classname="Fibonacci2Test" time="0.016"/>
  <system-out><![CDATA[]]></system-out>
  <system-err><![CDATA[]]></system-err>
</testsuite>
